<?xml version="1.0" encoding="UTF-8" ?>
<testsuite tests="4" failures="0" name="StepDefinitions.TestRunner" time="48.078" errors="0" skipped="0">
  <properties>
[...]
</properties>
  <testcase classname="feature to test google search functionality" name="Validate google search is working" time="13.161"/>
  <testcase classname="feature to test login funnctionality" name="Check login is successful with valid credenntials #1" time="11.527"/>
  <testcase classname="feature to test login funnctionality" name="Check login is successful with valid credenntials #2" time="11.197"/>
  <testcase classname="feature to test login funnctionality" name="Check login is successful with valid credenntials #3" time="12.193"/>
</testsuite>