<?xml version="1.0" encoding="UTF-8" standalone="no"?>
<testsuite errors="0" failures="0" name="io.cucumber.core.plugin.JUnitFormatter" skipped="0" tests="1" time="3.607">
<testcase classname="check login functionality" name="Check login is successful with valid credenntials" time="3.451">
<system-out><![CDATA[Given user is on login page.................................................passed
When user enters valid username and password................................passed
And clicks on login button..................................................passed
Then user is navigated to the home page.....................................passed
]]></system-out>
</testcase>
</testsuite>
